<?xml version="1.0" encoding="UTF-8"?>
<robot generator="Robot 3.2.2 (Python 3.8.5 on win32)" generated="20201013 19:11:38.150" rpa="false">
<suite id="s1" name="ProjectRessources" source="C:\Users\PC\robotpratique\ProjectRessources">
<suite id="s1-s1" name="TestCases" source="C:\Users\PC\robotpratique\ProjectRessources\TestCases">
<suite id="s1-s1-s1" name="ManipulationSelect" source="C:\Users\PC\robotpratique\ProjectRessources\TestCases\ManipulationSelect.robot">
<test id="s1-s1-s1-t1" name="TC_0001">
<kw name="Open Browser" library="SeleniumLibrary">
<doc>Opens a new browser instance to the optional ``url``.</doc>
<arguments>
<arg>${url}</arg>
<arg>${browser}</arg>
</arguments>
<msg timestamp="20201013 19:11:38.610" level="INFO">Opening browser 'chrome' to base url 'https://omayo.blogspot.com/'.</msg>
<status status="PASS" starttime="20201013 19:11:38.609" endtime="20201013 19:11:42.881"></status>
</kw>
<kw name="Maximize Browser Window" library="SeleniumLibrary">
<doc>Maximizes current browser window.</doc>
<status status="PASS" starttime="20201013 19:11:42.881" endtime="20201013 19:11:45.132"></status>
</kw>
<kw name="Set Selenium Speed" library="SeleniumLibrary">
<doc>Sets the delay that is waited after each Selenium command.</doc>
<arguments>
<arg>3s</arg>
</arguments>
<status status="PASS" starttime="20201013 19:11:45.133" endtime="20201013 19:11:45.134"></status>
</kw>
<kw name="Select From List By Index" library="SeleniumLibrary">
<doc>Selects options from selection list ``locator`` by ``indexes``.</doc>
<arguments>
<arg>id=drop1</arg>
<arg>1</arg>
</arguments>
<msg timestamp="20201013 19:11:45.136" level="INFO">Selecting options from selection list 'id=drop1' by index 1.</msg>
<status status="PASS" starttime="20201013 19:11:45.135" endtime="20201013 19:12:12.271"></status>
</kw>
<kw name="Select From List By Value" library="SeleniumLibrary">
<doc>Selects options from selection list ``locator`` by ``values``.</doc>
<arguments>
<arg>id=drop1</arg>
<arg>jkl</arg>
</arguments>
<msg timestamp="20201013 19:12:12.272" level="INFO">Selecting options from selection list 'id=drop1' by value jkl.</msg>
<status status="PASS" starttime="20201013 19:12:12.271" endtime="20201013 19:12:33.380"></status>
</kw>
<kw name="Select From List By Label" library="SeleniumLibrary">
<doc>Selects options from selection list ``locator`` by ``labels``.</doc>
<arguments>
<arg>id=drop1</arg>
<arg>doc4</arg>
</arguments>
<msg timestamp="20201013 19:12:33.380" level="INFO">Selecting options from selection list 'id=drop1' by label doc4.</msg>
<kw name="Capture Page Screenshot" library="SeleniumLibrary">
<doc>Takes a screenshot of the current page and embeds it into a log file.</doc>
<msg timestamp="20201013 19:12:51.890" level="INFO" html="yes">&lt;/td&gt;&lt;/tr&gt;&lt;tr&gt;&lt;td colspan="3"&gt;&lt;a href="selenium-screenshot-13.png"&gt;&lt;img src="selenium-screenshot-13.png" width="800px"&gt;&lt;/a&gt;</msg>
<status status="PASS" starttime="20201013 19:12:48.429" endtime="20201013 19:12:51.890"></status>
</kw>
<msg timestamp="20201013 19:12:51.893" level="FAIL">NoSuchElementException: Message: Could not locate element with visible text: doc4
</msg>
<status status="FAIL" starttime="20201013 19:12:33.380" endtime="20201013 19:12:51.893"></status>
</kw>
<status status="FAIL" starttime="20201013 19:11:38.607" endtime="20201013 19:12:51.894" critical="yes">NoSuchElementException: Message: Could not locate element with visible text: doc4
</status>
</test>
<test id="s1-s1-s1-t2" name="TC_002">
<kw name="Open Browser" library="SeleniumLibrary">
<doc>Opens a new browser instance to the optional ``url``.</doc>
<arguments>
<arg>${url}</arg>
<arg>${browser}</arg>
</arguments>
<msg timestamp="20201013 19:12:51.898" level="INFO">Opening browser 'chrome' to base url 'https://omayo.blogspot.com/'.</msg>
<kw name="Capture Page Screenshot" library="SeleniumLibrary">
<doc>Takes a screenshot of the current page and embeds it into a log file.</doc>
<msg timestamp="20201013 19:13:07.564" level="FAIL">WebDriverException: Message: chrome not reachable
  (Session info: chrome=86.0.4240.75)
</msg>
<status status="FAIL" starttime="20201013 19:12:55.526" endtime="20201013 19:13:07.564"></status>
</kw>
<msg timestamp="20201013 19:13:07.564" level="WARN">Keyword 'Capture Page Screenshot' could not be run on failure: WebDriverException: Message: chrome not reachable
  (Session info: chrome=86.0.4240.75)
</msg>
<msg timestamp="20201013 19:13:07.567" level="FAIL">WebDriverException: Message: unknown error: cannot determine loading status
from disconnected: received Inspector.detached event
  (Session info: chrome=86.0.4240.75)
</msg>
<status status="FAIL" starttime="20201013 19:12:51.897" endtime="20201013 19:13:07.568"></status>
</kw>
<status status="FAIL" starttime="20201013 19:12:51.895" endtime="20201013 19:13:07.568" critical="yes">WebDriverException: Message: unknown error: cannot determine loading status
from disconnected: received Inspector.detached event
  (Session info: chrome=86.0.4240.75)
</status>
</test>
<status status="FAIL" starttime="20201013 19:11:38.226" endtime="20201013 19:13:07.571"></status>
</suite>
<status status="FAIL" starttime="20201013 19:11:38.220" endtime="20201013 19:13:07.576"></status>
</suite>
<status status="FAIL" starttime="20201013 19:11:38.188" endtime="20201013 19:13:07.579"></status>
</suite>
<statistics>
<total>
<stat pass="0" fail="2">Critical Tests</stat>
<stat pass="0" fail="2">All Tests</stat>
</total>
<tag>
</tag>
<suite>
<stat pass="0" fail="2" id="s1" name="ProjectRessources">ProjectRessources</stat>
<stat pass="0" fail="2" id="s1-s1" name="TestCases">ProjectRessources.TestCases</stat>
<stat pass="0" fail="2" id="s1-s1-s1" name="ManipulationSelect">ProjectRessources.TestCases.ManipulationSelect</stat>
</suite>
</statistics>
<errors>
<msg timestamp="20201013 19:13:07.564" level="WARN">Keyword 'Capture Page Screenshot' could not be run on failure: WebDriverException: Message: chrome not reachable
  (Session info: chrome=86.0.4240.75)
</msg>
</errors>
</robot>
